<?xml version="1.0" encoding="UTF-8"?>
<!-- Generated by org.testng.reporters.JUnitReportReporter -->
<testsuite hostname="TYSS-Trisulam-R" failures="0" tests="1" name="practice.TestRestPractice" time="0.005" errors="0" timestamp="2024-02-23T00:08:45 IST" skipped="0">
  <testcase classname="practice.TestRestPractice" name="tets" time="0.005"/>
  <system-out/>
</testsuite> <!-- practice.TestRestPractice -->
