<?xml version="1.0" encoding="UTF-8"?>
<!-- Generated by org.testng.reporters.JUnitReportReporter -->
<testsuite hostname="TYSS-Trisulam-R" failures="0" tests="1" name="selenium.Perform_Contol_Plus_A_Using_Selenium" time="5.810" errors="0" timestamp="2024-03-27T00:32:35 IST" skipped="0">
  <testcase classname="selenium.Perform_Contol_Plus_A_Using_Selenium" name="performControlPlusAUsingSelenium" time="5.810"/>
  <system-out/>
</testsuite> <!-- selenium.Perform_Contol_Plus_A_Using_Selenium -->
