<?xml version="1.0" encoding="UTF-8"?>
<!-- Generated by org.testng.reporters.JUnitReportReporter -->
<testsuite hostname="TYSS-Trisulam-R" failures="0" tests="1" name="practice.TestSeleniumPractice" time="14.494" errors="0" timestamp="2024-02-23T00:28:21 IST" skipped="0">
  <testcase classname="practice.TestSeleniumPractice" name="tets" time="14.494"/>
  <system-out/>
</testsuite> <!-- practice.TestSeleniumPractice -->
