<?xml version="1.0" encoding="UTF-8"?>
<!-- Generated by org.testng.reporters.JUnitReportReporter -->
<testsuite hostname="TYSS-Trisulam-R" failures="0" tests="1" name="practiceProg.Array_Remove_All_Occurance" time="0.006" errors="0" timestamp="2024-03-14T17:46:48 IST" skipped="0">
  <testcase classname="practiceProg.Array_Remove_All_Occurance" name="approach2" time="0.006"/>
  <system-out/>
</testsuite> <!-- practiceProg.Array_Remove_All_Occurance -->
