<?xml version="1.0" encoding="UTF-8"?>
<!-- Generated by org.testng.reporters.JUnitReportReporter -->
<testsuite hostname="TYSS-Trisulam-R" failures="0" tests="1" name="practiceProg.String_Prashanth_Questions" time="0.012" errors="0" timestamp="2024-03-15T23:49:29 IST" skipped="0">
  <testcase classname="practiceProg.String_Prashanth_Questions" name="getOutPut4" time="0.012"/>
  <system-out/>
</testsuite> <!-- practiceProg.String_Prashanth_Questions -->
