<?xml version="1.0" encoding="UTF-8"?>
<!-- Generated by org.testng.reporters.JUnitReportReporter -->
<testsuite hostname="TYSS-Trisulam-R" failures="0" tests="2" name="practiceProg.TestNGPractice" time="0.013" errors="0" timestamp="2024-03-19T01:10:07 IST" skipped="0">
  <testcase classname="practiceProg.TestNGPractice" name="testUserData" time="0.003"/>
  <system-out/>
  <testcase classname="practiceProg.TestNGPractice" name="testUserData" time="0.010"/>
  <system-out/>
</testsuite> <!-- practiceProg.TestNGPractice -->
