<?xml version="1.0" encoding="UTF-8"?>
<!-- Generated by org.testng.reporters.JUnitReportReporter -->
<testsuite hostname="TYSS-Trisulam-R" failures="0" tests="1" name="practiceProg.Array_Sort_Ascending" time="0.018" errors="0" timestamp="2024-03-22T12:28:48 IST" skipped="0">
  <testcase classname="practiceProg.Array_Sort_Ascending" name="sortArrayInAscending" time="0.018"/>
  <system-out/>
</testsuite> <!-- practiceProg.Array_Sort_Ascending -->
