<?xml version="1.0" encoding="UTF-8"?>
<!-- Generated by org.testng.reporters.JUnitReportReporter -->
<testsuite hostname="TYSS-Trisulam-R" failures="0" tests="1" name="practiceProg.Array_Sort_Descending" time="0.012" errors="0" timestamp="2024-03-13T19:56:31 IST" skipped="0">
  <testcase classname="practiceProg.Array_Sort_Descending" name="sortArrayDescenading" time="0.012"/>
  <system-out/>
</testsuite> <!-- practiceProg.Array_Sort_Descending -->
