<?xml version="1.0" encoding="UTF-8"?>
<!-- Generated by org.testng.reporters.JUnitReportReporter -->
<testsuite hostname="TYSS-Trisulam-R" failures="0" tests="1" name="practiceProg.PatternMatchingRegex" time="0.015" errors="0" timestamp="2024-03-19T16:16:00 IST" skipped="0">
  <testcase classname="practiceProg.PatternMatchingRegex" name="testMethod2" time="0.015"/>
  <system-out/>
</testsuite> <!-- practiceProg.PatternMatchingRegex -->
